<?xml version="1.0" encoding="UTF-8"?>
<testsuite xmlns:xsi="http://www.w3.org/2001/XMLSchema-instance" xsi:noNamespaceSchemaLocation="https://maven.apache.org/surefire/maven-surefire-plugin/xsd/surefire-test-report-3.0.xsd" version="3.0" name="flightapp.FlightServiceTest" time="16.798" tests="15" errors="0" skipped="0" failures="0">
  <properties>
[...]
</properties>
  <testcase name="runTest[0]" classname="flightapp.FlightServiceTest" time="1.954">
    <system-out><![CDATA[Running test setup...
... using dbconn.properties for test credentials
... resetting database (ie, dropping all tables with suffix: yfeng33)
... running createTables.sql

Starting tests
Running test file: /Users/fengyantong/Desktop/CSE 344/HW/project/cases/transaction/reservations/reservations_2Users2FlightsRes.test.txt
]]></system-out>
  </testcase>
  <testcase name="runTest[1]" classname="flightapp.FlightServiceTest" time="0.987">
    <system-out><![CDATA[Running test file: /Users/fengyantong/Desktop/CSE 344/HW/project/cases/transaction/pay/pay_1User1FlightPayTwice.test.txt
]]></system-out>
    <system-err><![CDATA[java.lang.IllegalArgumentException: Username already exists.
	at flightapp.Query.transaction_createCustomer(Query.java:206)
	at flightapp.Query.transaction_createCustomer(Query.java:226)
	at flightapp.QueryAbstract.create(QueryAbstract.java:82)
	at flightapp.FlightService.execute(FlightService.java:39)
	at flightapp.FlightServiceTest$Session.call(FlightServiceTest.java:160)
	at flightapp.FlightServiceTest$Session.call(FlightServiceTest.java:1)
	at java.base/java.util.concurrent.FutureTask.run(FutureTask.java:317)
	at java.base/java.util.concurrent.ThreadPoolExecutor.runWorker(ThreadPoolExecutor.java:1144)
	at java.base/java.util.concurrent.ThreadPoolExecutor$Worker.run(ThreadPoolExecutor.java:642)
	at java.base/java.lang.Thread.run(Thread.java:1575)
]]></system-err>
  </testcase>
  <testcase name="runTest[2]" classname="flightapp.FlightServiceTest" time="1.27">
    <system-out><![CDATA[Running test file: /Users/fengyantong/Desktop/CSE 344/HW/project/cases/transaction/pay/pay_wrongUser.test.txt
]]></system-out>
  </testcase>
  <testcase name="runTest[3]" classname="flightapp.FlightServiceTest" time="1.36">
    <system-out><![CDATA[Running test file: /Users/fengyantong/Desktop/CSE 344/HW/project/cases/transaction/search/search_differentUsersSameQuery.test.txt
]]></system-out>
  </testcase>
  <testcase name="runTest[4]" classname="flightapp.FlightServiceTest" time="0.997">
    <system-out><![CDATA[Running test file: /Users/fengyantong/Desktop/CSE 344/HW/project/cases/transaction/book/book_withoutSearch.test.txt
]]></system-out>
    <system-err><![CDATA[java.lang.IllegalArgumentException: Username already exists.
	at flightapp.Query.transaction_createCustomer(Query.java:206)
	at flightapp.Query.transaction_createCustomer(Query.java:226)
	at flightapp.QueryAbstract.create(QueryAbstract.java:82)
	at flightapp.FlightService.execute(FlightService.java:39)
	at flightapp.FlightServiceTest$Session.call(FlightServiceTest.java:160)
	at flightapp.FlightServiceTest$Session.call(FlightServiceTest.java:1)
	at java.base/java.util.concurrent.FutureTask.run(FutureTask.java:317)
	at java.base/java.util.concurrent.ThreadPoolExecutor.runWorker(ThreadPoolExecutor.java:1144)
	at java.base/java.util.concurrent.ThreadPoolExecutor$Worker.run(ThreadPoolExecutor.java:642)
	at java.base/java.lang.Thread.run(Thread.java:1575)
]]></system-err>
  </testcase>
  <testcase name="runTest[5]" classname="flightapp.FlightServiceTest" time="0.976">
    <system-out><![CDATA[Running test file: /Users/fengyantong/Desktop/CSE 344/HW/project/cases/transaction/book/book_2Users1FlightC.test.txt
]]></system-out>
    <system-err><![CDATA[java.lang.IllegalArgumentException: Username already exists.
	at flightapp.Query.transaction_createCustomer(Query.java:206)
	at flightapp.Query.transaction_createCustomer(Query.java:226)
	at flightapp.QueryAbstract.create(QueryAbstract.java:82)
	at flightapp.FlightService.execute(FlightService.java:39)
	at flightapp.FlightServiceTest$Session.call(FlightServiceTest.java:160)
	at flightapp.FlightServiceTest$Session.call(FlightServiceTest.java:1)
	at java.base/java.util.concurrent.FutureTask.run(FutureTask.java:317)
	at java.base/java.util.concurrent.ThreadPoolExecutor.runWorker(ThreadPoolExecutor.java:1144)
	at java.base/java.util.concurrent.ThreadPoolExecutor$Worker.run(ThreadPoolExecutor.java:642)
	at java.base/java.lang.Thread.run(Thread.java:1575)
]]></system-err>
  </testcase>
  <testcase name="runTest[6]" classname="flightapp.FlightServiceTest" time="1.365">
    <system-out><![CDATA[Running test file: /Users/fengyantong/Desktop/CSE 344/HW/project/cases/transaction/book/book_2Users2Flights.test.txt
]]></system-out>
  </testcase>
  <testcase name="runTest[7]" classname="flightapp.FlightServiceTest" time="1.373">
    <system-out><![CDATA[Running test file: /Users/fengyantong/Desktop/CSE 344/HW/project/cases/transaction/book/book_2Users1FlightNoCapacity.test.txt
]]></system-out>
  </testcase>
  <testcase name="runTest[8]" classname="flightapp.FlightServiceTest" time="0.99">
    <system-out><![CDATA[Running test file: /Users/fengyantong/Desktop/CSE 344/HW/project/cases/transaction/book/book_1User1FlightTwice.test.txt
]]></system-out>
    <system-err><![CDATA[java.lang.IllegalArgumentException: Username already exists.
	at flightapp.Query.transaction_createCustomer(Query.java:206)
	at flightapp.Query.transaction_createCustomer(Query.java:226)
	at flightapp.QueryAbstract.create(QueryAbstract.java:82)
	at flightapp.FlightService.execute(FlightService.java:39)
	at flightapp.FlightServiceTest$Session.call(FlightServiceTest.java:160)
	at flightapp.FlightServiceTest$Session.call(FlightServiceTest.java:1)
	at java.base/java.util.concurrent.FutureTask.run(FutureTask.java:317)
	at java.base/java.util.concurrent.ThreadPoolExecutor.runWorker(ThreadPoolExecutor.java:1144)
	at java.base/java.util.concurrent.ThreadPoolExecutor$Worker.run(ThreadPoolExecutor.java:642)
	at java.base/java.lang.Thread.run(Thread.java:1575)
]]></system-err>
  </testcase>
  <testcase name="runTest[9]" classname="flightapp.FlightServiceTest" time="0.478">
    <system-out><![CDATA[Running test file: /Users/fengyantong/Desktop/CSE 344/HW/project/cases/transaction/create/create_2UsersSameName.test.txt
]]></system-out>
    <system-err><![CDATA[java.lang.IllegalArgumentException: Username already exists.
	at flightapp.Query.transaction_createCustomer(Query.java:206)
	at flightapp.Query.transaction_createCustomer(Query.java:226)
	at flightapp.QueryAbstract.create(QueryAbstract.java:82)
	at flightapp.FlightService.execute(FlightService.java:39)
	at flightapp.FlightServiceTest$Session.call(FlightServiceTest.java:160)
	at flightapp.FlightServiceTest$Session.call(FlightServiceTest.java:1)
	at java.base/java.util.concurrent.FutureTask.run(FutureTask.java:317)
	at java.base/java.util.concurrent.ThreadPoolExecutor.runWorker(ThreadPoolExecutor.java:1144)
	at java.base/java.util.concurrent.ThreadPoolExecutor$Worker.run(ThreadPoolExecutor.java:642)
	at java.base/java.lang.Thread.run(Thread.java:1575)
]]></system-err>
  </testcase>
  <testcase name="runTest[10]" classname="flightapp.FlightServiceTest" time="0.87">
    <system-out><![CDATA[Running test file: /Users/fengyantong/Desktop/CSE 344/HW/project/cases/transaction/create/create_2UsersDifferentName.test.txt
]]></system-out>
  </testcase>
  <testcase name="runTest[11]" classname="flightapp.FlightServiceTest" time="1.278">
    <system-out><![CDATA[Running test file: /Users/fengyantong/Desktop/CSE 344/HW/project/cases/transaction/login/login_differentUsers.test.txt
]]></system-out>
  </testcase>
  <testcase name="runTest[12]" classname="flightapp.FlightServiceTest" time="0.872">
    <system-out><![CDATA[Running test file: /Users/fengyantong/Desktop/CSE 344/HW/project/cases/transaction/login/login_sameUsers.test.txt
]]></system-out>
    <system-err><![CDATA[java.lang.IllegalArgumentException: Username already exists.
	at flightapp.Query.transaction_createCustomer(Query.java:206)
	at flightapp.Query.transaction_createCustomer(Query.java:226)
	at flightapp.QueryAbstract.create(QueryAbstract.java:82)
	at flightapp.FlightService.execute(FlightService.java:39)
	at flightapp.FlightServiceTest$Session.call(FlightServiceTest.java:160)
	at flightapp.FlightServiceTest$Session.call(FlightServiceTest.java:1)
	at java.base/java.util.concurrent.FutureTask.run(FutureTask.java:317)
	at java.base/java.util.concurrent.ThreadPoolExecutor.runWorker(ThreadPoolExecutor.java:1144)
	at java.base/java.util.concurrent.ThreadPoolExecutor$Worker.run(ThreadPoolExecutor.java:642)
	at java.base/java.lang.Thread.run(Thread.java:1575)
]]></system-err>
  </testcase>
  <testcase name="runTest[13]" classname="flightapp.FlightServiceTest" time="0.88">
    <system-out><![CDATA[Running test file: /Users/fengyantong/Desktop/CSE 344/HW/project/cases/transaction/login/login_sameUsersDiffPassC.test.txt
]]></system-out>
    <system-err><![CDATA[java.lang.IllegalArgumentException: Username already exists.
	at flightapp.Query.transaction_createCustomer(Query.java:206)
	at flightapp.Query.transaction_createCustomer(Query.java:226)
	at flightapp.QueryAbstract.create(QueryAbstract.java:82)
	at flightapp.FlightService.execute(FlightService.java:39)
	at flightapp.FlightServiceTest$Session.call(FlightServiceTest.java:160)
	at flightapp.FlightServiceTest$Session.call(FlightServiceTest.java:1)
	at java.base/java.util.concurrent.FutureTask.run(FutureTask.java:317)
	at java.base/java.util.concurrent.ThreadPoolExecutor.runWorker(ThreadPoolExecutor.java:1144)
	at java.base/java.util.concurrent.ThreadPoolExecutor$Worker.run(ThreadPoolExecutor.java:642)
	at java.base/java.lang.Thread.run(Thread.java:1575)
java.lang.IllegalArgumentException: Incorrect password.
	at flightapp.Query.transaction_login(Query.java:168)
	at flightapp.QueryAbstract.login(QueryAbstract.java:62)
	at flightapp.FlightService.execute(FlightService.java:27)
	at flightapp.FlightServiceTest$Session.call(FlightServiceTest.java:160)
	at flightapp.FlightServiceTest$Session.call(FlightServiceTest.java:1)
	at java.base/java.util.concurrent.FutureTask.run(FutureTask.java:317)
	at java.base/java.util.concurrent.ThreadPoolExecutor.runWorker(ThreadPoolExecutor.java:1144)
	at java.base/java.util.concurrent.ThreadPoolExecutor$Worker.run(ThreadPoolExecutor.java:642)
	at java.base/java.lang.Thread.run(Thread.java:1575)
]]></system-err>
  </testcase>
  <testcase name="runTest[14]" classname="flightapp.FlightServiceTest" time="0.872">
    <system-out><![CDATA[Running test file: /Users/fengyantong/Desktop/CSE 344/HW/project/cases/transaction/login/login_createUserInOtherSession.test.txt
]]></system-out>
    <system-err><![CDATA[java.lang.IllegalArgumentException: Username already exists.
	at flightapp.Query.transaction_createCustomer(Query.java:206)
	at flightapp.Query.transaction_createCustomer(Query.java:226)
	at flightapp.QueryAbstract.create(QueryAbstract.java:82)
	at flightapp.FlightService.execute(FlightService.java:39)
	at flightapp.FlightServiceTest$Session.call(FlightServiceTest.java:160)
	at flightapp.FlightServiceTest$Session.call(FlightServiceTest.java:1)
	at java.base/java.util.concurrent.FutureTask.run(FutureTask.java:317)
	at java.base/java.util.concurrent.ThreadPoolExecutor.runWorker(ThreadPoolExecutor.java:1144)
	at java.base/java.util.concurrent.ThreadPoolExecutor$Worker.run(ThreadPoolExecutor.java:642)
	at java.base/java.lang.Thread.run(Thread.java:1575)
]]></system-err>
  </testcase>
</testsuite>